 => The original IP address is: <REDACTED>
 => Starting ToR
 => ToR started
 => New IP: <REDACTED>
 => "http://rrcc5uuudhh4oz3c.onion/?cmd=category&id=15","Intel Exchange","-"
 => "http://rrcc5uuudhh4oz3c.onion/","Intel Exchange","-"
 => "http://rrcc5uuudhh4oz3c.onion/?cmd=topic&id=16516","Nitrous Oxide Synthesis - Wheelwork of Nature - Intel Exchange","-"
 => "http://rrcc5uuudhh4oz3c.onion/?cmd=topic&id=10276","The power of 3, 6, and 9 - Wheelwork of Nature - Intel Exchange","-"
 => "http://rrcc5uuudhh4oz3c.onion/?cmd=topic&id=7767","Blackholes - Wheelwork of Nature - Intel Exchange","-"
 => "http://rrcc5uuudhh4oz3c.onion/?cmd=topic&id=12519","The pill that makes you jedi. - Wheelwork of Nature - Intel Exchange","-"
 => "http://rrcc5uuudhh4oz3c.onion/?cmd=topic&id=939","Magic - Wheelwork of Nature - Intel Exchange","-"
 => "http://rrcc5uuudhh4oz3c.onion/?cmd=topic&id=15543","a little help please - Wheelwork of Nature - Intel Exchange","-"
 => "http://rrcc5uuudhh4oz3c.onion/?cmd=topic&id=14046","Help with Sulfuric Acid - Wheelwork of Nature - Intel Exchange","-"
 => "http://rrcc5uuudhh4oz3c.onion/?cmd=topic&id=15142","Reed root bark for DMT?  - Wheelwork of Nature - Intel Exchange","-"
 => "http://rrcc5uuudhh4oz3c.onion/?cmd=topic&id=14860","Science and crystal healing? - Wheelwork of Nature - Intel Exchange","-"
 => "http://rrcc5uuudhh4oz3c.onion/?cmd=topic&id=12943","The Cerebral Network - Wheelwork of Nature - Intel Exchange","-"
 => "http://rrcc5uuudhh4oz3c.onion/?cmd=topic&id=13362","Quantum Computer?? - Wheelwork of Nature - Intel Exchange","-"
 => "http://rrcc5uuudhh4oz3c.onion/?cmd=topic&id=13153","Things that naturally hypnotize the brain - Wheelwork of Nature - Intel Exchange","-"
 => "http://rrcc5uuudhh4oz3c.onion/?cmd=topic&id=12538","Category Description Issue - Wheelwork of Nature - Intel Exchange","-"
 => "http://rrcc5uuudhh4oz3c.onion/?cmd=topic&id=12566","The Dream of Life - Wheelwork of Nature - Intel Exchange","-"
 => "http://rrcc5uuudhh4oz3c.onion/?cmd=topic&id=10345","not 'free' energy but low cost?  - Wheelwork of Nature - Intel Exchange","-"
 => "http://rrcc5uuudhh4oz3c.onion/?cmd=topic&id=410","The fourth dimension. - Wheelwork of Nature - Intel Exchange","-"
 => "http://rrcc5uuudhh4oz3c.onion/?cmd=topic&id=11312","A indefinite cycle - Wheelwork of Nature - Intel Exchange","-"
 => "http://rrcc5uuudhh4oz3c.onion/?cmd=topic&id=991","I know how to make zombies! - Wheelwork of Nature - Intel Exchange","-"
 => "http://rrcc5uuudhh4oz3c.onion/?cmd=topic&id=10715","Relativity and Higgs - Wheelwork of Nature - Intel Exchange","-"
 => "http://rrcc5uuudhh4oz3c.onion/?cmd=topic&id=1690","Black Raven  - Wheelwork of Nature - Intel Exchange","-"
 => "http://rrcc5uuudhh4oz3c.onion/?cmd=topic&id=7092","Which explosive to start with? - Wheelwork of Nature - Intel Exchange","-"
 => "http://rrcc5uuudhh4oz3c.onion/?cmd=topic&id=7544","Parallel Universe  - Wheelwork of Nature - Intel Exchange","-"
 => "http://rrcc5uuudhh4oz3c.onion/?cmd=topic&id=1977","Dimensions of the Universe - Wheelwork of Nature - Intel Exchange","-"
 => "http://rrcc5uuudhh4oz3c.onion/?cmd=topic&id=7131","We Are Missing Something - Wheelwork of Nature - Intel Exchange","-"
 => "http://rrcc5uuudhh4oz3c.onion/?cmd=topic&id=1903","Quantum Soul Theory(Opinion) - Wheelwork of Nature - Intel Exchange","-"
 => "http://rrcc5uuudhh4oz3c.onion/?cmd=topic&id=2019","Mathematical genetics - Wheelwork of Nature - Intel Exchange","-"
 => "http://rrcc5uuudhh4oz3c.onion/?cmd=topic&id=869","Genetic Mutation - Wheelwork of Nature - Intel Exchange","-"
 => "http://rrcc5uuudhh4oz3c.onion/?cmd=topic&id=523","Will Traffic jams cause Traffic jams? - Wheelwork of Nature - Intel Exchange","-"
 => "http://rrcc5uuudhh4oz3c.onion/?cmd=topic&id=574","A small correction - Wheelwork of Nature - Intel Exchange","-"
 => "http://rrcc5uuudhh4oz3c.onion/?cmd=topic&id=569","Dehydrating Butter - Wheelwork of Nature - Intel Exchange","-"
